  GameManager.cpp
d:\비쥬얼스튜디오 c++\현재진행중인문제\benechia\baseheader.h(46): warning C4838: 'const int'에서 'SHORT'(으)로의 변환에는 축소 변환이 필요합니다.
d:\비쥬얼스튜디오 c++\현재진행중인문제\benechia\baseheader.h(91): warning C4267: '-=': 'size_t'에서 'int'(으)로 변환하면서 데이터가 손실될 수 있습니다.
d:\비쥬얼스튜디오 c++\현재진행중인문제\benechia\baseheader.h(124): warning C4996: 'sprintf': This function or variable may be unsafe. Consider using sprintf_s instead. To disable deprecation, use _CRT_SECURE_NO_WARNINGS. See online help for details.
  c:\program files (x86)\windows kits\10\include\10.0.17763.0\ucrt\stdio.h(1774): note: 'sprintf' 선언을 참조하십시오.
d:\비쥬얼스튜디오 c++\현재진행중인문제\benechia\baseheader.h(171): warning C4996: 'getch': The POSIX name for this item is deprecated. Instead, use the ISO C and C++ conformant name: _getch. See online help for details.
  c:\program files (x86)\windows kits\10\include\10.0.17763.0\ucrt\conio.h(453): note: 'getch' 선언을 참조하십시오.
d:\비쥬얼스튜디오 c++\현재진행중인문제\benechia\gamemanager.cpp(18): warning C4244: '인수': 'double'에서 'const int'(으)로 변환하면서 데이터가 손실될 수 있습니다.
d:\비쥬얼스튜디오 c++\현재진행중인문제\benechia\gamemanager.cpp(19): warning C4244: '인수': 'double'에서 'const int'(으)로 변환하면서 데이터가 손실될 수 있습니다.
d:\비쥬얼스튜디오 c++\현재진행중인문제\benechia\gamemanager.cpp(20): warning C4244: '인수': 'double'에서 'const int'(으)로 변환하면서 데이터가 손실될 수 있습니다.
d:\비쥬얼스튜디오 c++\현재진행중인문제\benechia\gamemanager.cpp(21): warning C4244: '인수': 'double'에서 'const int'(으)로 변환하면서 데이터가 손실될 수 있습니다.
d:\비쥬얼스튜디오 c++\현재진행중인문제\benechia\gamemanager.cpp(23): warning C4244: '인수': 'double'에서 'int'(으)로 변환하면서 데이터가 손실될 수 있습니다.
d:\비쥬얼스튜디오 c++\현재진행중인문제\benechia\gamemanager.cpp(46): warning C4244: '인수': 'double'에서 'const int'(으)로 변환하면서 데이터가 손실될 수 있습니다.
d:\비쥬얼스튜디오 c++\현재진행중인문제\benechia\gamemanager.cpp(71): warning C4244: '인수': 'double'에서 'const int'(으)로 변환하면서 데이터가 손실될 수 있습니다.
d:\비쥬얼스튜디오 c++\현재진행중인문제\benechia\gamemanager.cpp(78): warning C4244: '인수': 'double'에서 'const int'(으)로 변환하면서 데이터가 손실될 수 있습니다.
d:\비쥬얼스튜디오 c++\현재진행중인문제\benechia\gamemanager.cpp(86): warning C4267: '인수': 'size_t'에서 'const int'(으)로 변환하면서 데이터가 손실될 수 있습니다.
d:\비쥬얼스튜디오 c++\현재진행중인문제\benechia\gamemanager.cpp(86): warning C4244: '인수': 'double'에서 'const int'(으)로 변환하면서 데이터가 손실될 수 있습니다.
d:\비쥬얼스튜디오 c++\현재진행중인문제\benechia\gamemanager.cpp(88): warning C4244: '인수': 'double'에서 'const int'(으)로 변환하면서 데이터가 손실될 수 있습니다.
d:\비쥬얼스튜디오 c++\현재진행중인문제\benechia\gamemanager.cpp(135): warning C4267: '인수': 'size_t'에서 'const int'(으)로 변환하면서 데이터가 손실될 수 있습니다.
d:\비쥬얼스튜디오 c++\현재진행중인문제\benechia\gamemanager.cpp(135): warning C4244: '인수': 'double'에서 'const int'(으)로 변환하면서 데이터가 손실될 수 있습니다.
d:\비쥬얼스튜디오 c++\현재진행중인문제\benechia\gamemanager.cpp(137): warning C4244: '인수': 'double'에서 'const int'(으)로 변환하면서 데이터가 손실될 수 있습니다.
d:\비쥬얼스튜디오 c++\현재진행중인문제\benechia\gamemanager.cpp(144): warning C4267: '인수': 'size_t'에서 'const int'(으)로 변환하면서 데이터가 손실될 수 있습니다.
d:\비쥬얼스튜디오 c++\현재진행중인문제\benechia\gamemanager.cpp(144): warning C4244: '인수': 'double'에서 'const int'(으)로 변환하면서 데이터가 손실될 수 있습니다.
d:\비쥬얼스튜디오 c++\현재진행중인문제\benechia\gamemanager.cpp(145): warning C4244: '인수': 'double'에서 'const int'(으)로 변환하면서 데이터가 손실될 수 있습니다.
d:\비쥬얼스튜디오 c++\현재진행중인문제\benechia\gamemanager.cpp(151): warning C4244: '인수': 'double'에서 'const int'(으)로 변환하면서 데이터가 손실될 수 있습니다.
d:\비쥬얼스튜디오 c++\현재진행중인문제\benechia\gamemanager.cpp(158): warning C4244: '인수': 'double'에서 'const int'(으)로 변환하면서 데이터가 손실될 수 있습니다.
d:\비쥬얼스튜디오 c++\현재진행중인문제\benechia\gamemanager.cpp(189): warning C4244: '인수': 'double'에서 'const int'(으)로 변환하면서 데이터가 손실될 수 있습니다.
d:\비쥬얼스튜디오 c++\현재진행중인문제\benechia\gamemanager.cpp(76): warning C4996: 'kbhit': The POSIX name for this item is deprecated. Instead, use the ISO C and C++ conformant name: _kbhit. See online help for details.
  c:\program files (x86)\windows kits\10\include\10.0.17763.0\ucrt\conio.h(459): note: 'kbhit' 선언을 참조하십시오.
d:\비쥬얼스튜디오 c++\현재진행중인문제\benechia\gamemanager.cpp(79): warning C4996: 'getch': The POSIX name for this item is deprecated. Instead, use the ISO C and C++ conformant name: _getch. See online help for details.
  c:\program files (x86)\windows kits\10\include\10.0.17763.0\ucrt\conio.h(453): note: 'getch' 선언을 참조하십시오.
d:\비쥬얼스튜디오 c++\현재진행중인문제\benechia\gamemanager.cpp(202): warning C4244: '인수': 'double'에서 'const int'(으)로 변환하면서 데이터가 손실될 수 있습니다.
d:\비쥬얼스튜디오 c++\현재진행중인문제\benechia\gamemanager.cpp(203): warning C4244: '인수': 'double'에서 'const int'(으)로 변환하면서 데이터가 손실될 수 있습니다.
d:\비쥬얼스튜디오 c++\현재진행중인문제\benechia\gamemanager.cpp(203): warning C4244: '인수': 'double'에서 'int'(으)로 변환하면서 데이터가 손실될 수 있습니다.
d:\비쥬얼스튜디오 c++\현재진행중인문제\benechia\gamemanager.cpp(204): warning C4244: '인수': 'double'에서 'const int'(으)로 변환하면서 데이터가 손실될 수 있습니다.
d:\비쥬얼스튜디오 c++\현재진행중인문제\benechia\gamemanager.cpp(215): warning C4267: '인수': 'size_t'에서 'const int'(으)로 변환하면서 데이터가 손실될 수 있습니다.
d:\비쥬얼스튜디오 c++\현재진행중인문제\benechia\gamemanager.cpp(215): warning C4244: '인수': 'double'에서 'const int'(으)로 변환하면서 데이터가 손실될 수 있습니다.
d:\비쥬얼스튜디오 c++\현재진행중인문제\benechia\gamemanager.cpp(217): warning C4244: '인수': 'double'에서 'const int'(으)로 변환하면서 데이터가 손실될 수 있습니다.
d:\비쥬얼스튜디오 c++\현재진행중인문제\benechia\gamemanager.cpp(239): warning C4267: '인수': 'size_t'에서 'const int'(으)로 변환하면서 데이터가 손실될 수 있습니다.
d:\비쥬얼스튜디오 c++\현재진행중인문제\benechia\gamemanager.cpp(239): warning C4244: '인수': 'double'에서 'const int'(으)로 변환하면서 데이터가 손실될 수 있습니다.
d:\비쥬얼스튜디오 c++\현재진행중인문제\benechia\gamemanager.cpp(240): warning C4244: '인수': 'double'에서 'const int'(으)로 변환하면서 데이터가 손실될 수 있습니다.
d:\비쥬얼스튜디오 c++\현재진행중인문제\benechia\gamemanager.cpp(248): warning C4244: '인수': 'double'에서 'const int'(으)로 변환하면서 데이터가 손실될 수 있습니다.
d:\비쥬얼스튜디오 c++\현재진행중인문제\benechia\gamemanager.cpp(255): warning C4244: '인수': 'double'에서 'const int'(으)로 변환하면서 데이터가 손실될 수 있습니다.
d:\비쥬얼스튜디오 c++\현재진행중인문제\benechia\gamemanager.cpp(258): warning C4244: '인수': 'double'에서 'const int'(으)로 변환하면서 데이터가 손실될 수 있습니다.
d:\비쥬얼스튜디오 c++\현재진행중인문제\benechia\gamemanager.cpp(258): warning C4244: '인수': 'double'에서 'int'(으)로 변환하면서 데이터가 손실될 수 있습니다.
d:\비쥬얼스튜디오 c++\현재진행중인문제\benechia\gamemanager.cpp(208): warning C4996: 'getch': The POSIX name for this item is deprecated. Instead, use the ISO C and C++ conformant name: _getch. See online help for details.
  c:\program files (x86)\windows kits\10\include\10.0.17763.0\ucrt\conio.h(453): note: 'getch' 선언을 참조하십시오.
d:\비쥬얼스튜디오 c++\현재진행중인문제\benechia\gamemanager.cpp(305): warning C4244: '인수': 'double'에서 'const int'(으)로 변환하면서 데이터가 손실될 수 있습니다.
d:\비쥬얼스튜디오 c++\현재진행중인문제\benechia\gamemanager.cpp(305): warning C4244: '인수': 'double'에서 'int'(으)로 변환하면서 데이터가 손실될 수 있습니다.
d:\비쥬얼스튜디오 c++\현재진행중인문제\benechia\gamemanager.cpp(307): warning C4244: '인수': 'double'에서 'const int'(으)로 변환하면서 데이터가 손실될 수 있습니다.
d:\비쥬얼스튜디오 c++\현재진행중인문제\benechia\gamemanager.cpp(309): warning C4244: '=': 'double'에서 'float'(으)로 변환하면서 데이터가 손실될 수 있습니다.
d:\비쥬얼스튜디오 c++\현재진행중인문제\benechia\gamemanager.cpp(326): warning C4244: '초기화 중': 'double'에서 'int'(으)로 변환하면서 데이터가 손실될 수 있습니다.
d:\비쥬얼스튜디오 c++\현재진행중인문제\benechia\gamemanager.cpp(339): warning C4244: '인수': 'float'에서 'const int'(으)로 변환하면서 데이터가 손실될 수 있습니다.
d:\비쥬얼스튜디오 c++\현재진행중인문제\benechia\gamemanager.cpp(340): warning C4244: '인수': 'float'에서 'const int'(으)로 변환하면서 데이터가 손실될 수 있습니다.
d:\비쥬얼스튜디오 c++\현재진행중인문제\benechia\gamemanager.cpp(316): warning C4996: 'kbhit': The POSIX name for this item is deprecated. Instead, use the ISO C and C++ conformant name: _kbhit. See online help for details.
  c:\program files (x86)\windows kits\10\include\10.0.17763.0\ucrt\conio.h(459): note: 'kbhit' 선언을 참조하십시오.
d:\비쥬얼스튜디오 c++\현재진행중인문제\benechia\gamemanager.cpp(318): warning C4996: 'getch': The POSIX name for this item is deprecated. Instead, use the ISO C and C++ conformant name: _getch. See online help for details.
  c:\program files (x86)\windows kits\10\include\10.0.17763.0\ucrt\conio.h(453): note: 'getch' 선언을 참조하십시오.
d:\비쥬얼스튜디오 c++\현재진행중인문제\benechia\gamemanager.cpp(356): warning C4244: '인수': 'double'에서 'const int'(으)로 변환하면서 데이터가 손실될 수 있습니다.
d:\비쥬얼스튜디오 c++\현재진행중인문제\benechia\gamemanager.cpp(356): warning C4244: '인수': 'double'에서 'int'(으)로 변환하면서 데이터가 손실될 수 있습니다.
d:\비쥬얼스튜디오 c++\현재진행중인문제\benechia\gamemanager.cpp(359): warning C4244: '인수': 'double'에서 'const int'(으)로 변환하면서 데이터가 손실될 수 있습니다.
d:\비쥬얼스튜디오 c++\현재진행중인문제\benechia\gamemanager.cpp(376): warning C4244: '인수': 'double'에서 'const int'(으)로 변환하면서 데이터가 손실될 수 있습니다.
d:\비쥬얼스튜디오 c++\현재진행중인문제\benechia\gamemanager.cpp(401): warning C4244: '인수': 'double'에서 'const int'(으)로 변환하면서 데이터가 손실될 수 있습니다.
d:\비쥬얼스튜디오 c++\현재진행중인문제\benechia\gamemanager.cpp(404): warning C4244: '인수': 'double'에서 'const int'(으)로 변환하면서 데이터가 손실될 수 있습니다.
d:\비쥬얼스튜디오 c++\현재진행중인문제\benechia\gamemanager.cpp(405): warning C4244: '인수': 'double'에서 'const int'(으)로 변환하면서 데이터가 손실될 수 있습니다.
d:\비쥬얼스튜디오 c++\현재진행중인문제\benechia\gamemanager.cpp(405): warning C4244: '인수': 'double'에서 'int'(으)로 변환하면서 데이터가 손실될 수 있습니다.
  C++Final_BenechiaGAME.vcxproj -> D:\비쥬얼스튜디오 c++\현재진행중인문제\Benechia\x64\Debug\C++Final_BenechiaGAME.exe
