  GameManager.cpp
c:\users\a05\desktop\hyeongbinkim\c++최종rpg\c++최종rpg\drawmanager.h(39): warning C4838: 'int'에서 'SHORT'(으)로의 변환에는 축소 변환이 필요합니다.
c:\users\a05\desktop\hyeongbinkim\c++최종rpg\c++최종rpg\monstermanager.h(40): warning C4267: 'return': 'size_t'에서 'int'(으)로 변환하면서 데이터가 손실될 수 있습니다.
c:\users\a05\desktop\hyeongbinkim\c++최종rpg\c++최종rpg\gamemanager.cpp(101): warning C4996: 'strcpy': This function or variable may be unsafe. Consider using strcpy_s instead. To disable deprecation, use _CRT_SECURE_NO_WARNINGS. See online help for details.
  c:\program files (x86)\windows kits\10\include\10.0.17763.0\ucrt\string.h(133): note: 'strcpy' 선언을 참조하십시오.
c:\users\a05\desktop\hyeongbinkim\c++최종rpg\c++최종rpg\gamemanager.cpp(102): warning C4996: 'fopen': This function or variable may be unsafe. Consider using fopen_s instead. To disable deprecation, use _CRT_SECURE_NO_WARNINGS. See online help for details.
  c:\program files (x86)\windows kits\10\include\10.0.17763.0\ucrt\stdio.h(208): note: 'fopen' 선언을 참조하십시오.
c:\users\a05\desktop\hyeongbinkim\c++최종rpg\c++최종rpg\gamemanager.cpp(153): warning C4996: 'strcpy': This function or variable may be unsafe. Consider using strcpy_s instead. To disable deprecation, use _CRT_SECURE_NO_WARNINGS. See online help for details.
  c:\program files (x86)\windows kits\10\include\10.0.17763.0\ucrt\string.h(133): note: 'strcpy' 선언을 참조하십시오.
c:\users\a05\desktop\hyeongbinkim\c++최종rpg\c++최종rpg\gamemanager.cpp(154): warning C4996: 'fopen': This function or variable may be unsafe. Consider using fopen_s instead. To disable deprecation, use _CRT_SECURE_NO_WARNINGS. See online help for details.
  c:\program files (x86)\windows kits\10\include\10.0.17763.0\ucrt\stdio.h(208): note: 'fopen' 선언을 참조하십시오.
c:\users\a05\desktop\hyeongbinkim\c++최종rpg\c++최종rpg\gamemanager.cpp(175): warning C4996: 'strcpy': This function or variable may be unsafe. Consider using strcpy_s instead. To disable deprecation, use _CRT_SECURE_NO_WARNINGS. See online help for details.
  c:\program files (x86)\windows kits\10\include\10.0.17763.0\ucrt\string.h(133): note: 'strcpy' 선언을 참조하십시오.
c:\users\a05\desktop\hyeongbinkim\c++최종rpg\c++최종rpg\gamemanager.cpp(176): warning C4996: 'fopen': This function or variable may be unsafe. Consider using fopen_s instead. To disable deprecation, use _CRT_SECURE_NO_WARNINGS. See online help for details.
  c:\program files (x86)\windows kits\10\include\10.0.17763.0\ucrt\stdio.h(208): note: 'fopen' 선언을 참조하십시오.
c:\users\a05\desktop\hyeongbinkim\c++최종rpg\c++최종rpg\gamemanager.cpp(201): warning C4996: 'sprintf': This function or variable may be unsafe. Consider using sprintf_s instead. To disable deprecation, use _CRT_SECURE_NO_WARNINGS. See online help for details.
  c:\program files (x86)\windows kits\10\include\10.0.17763.0\ucrt\stdio.h(1774): note: 'sprintf' 선언을 참조하십시오.
c:\users\a05\desktop\hyeongbinkim\c++최종rpg\c++최종rpg\gamemanager.cpp(267): warning C4244: '인수': 'float'에서 'int'(으)로 변환하면서 데이터가 손실될 수 있습니다.
c:\users\a05\desktop\hyeongbinkim\c++최종rpg\c++최종rpg\gamemanager.cpp(272): warning C4996: 'kbhit': The POSIX name for this item is deprecated. Instead, use the ISO C and C++ conformant name: _kbhit. See online help for details.
  c:\program files (x86)\windows kits\10\include\10.0.17763.0\ucrt\conio.h(459): note: 'kbhit' 선언을 참조하십시오.
c:\users\a05\desktop\hyeongbinkim\c++최종rpg\c++최종rpg\gamemanager.cpp(274): warning C4996: 'getch': The POSIX name for this item is deprecated. Instead, use the ISO C and C++ conformant name: _getch. See online help for details.
  c:\program files (x86)\windows kits\10\include\10.0.17763.0\ucrt\conio.h(453): note: 'getch' 선언을 참조하십시오.
c:\users\a05\desktop\hyeongbinkim\c++최종rpg\c++최종rpg\gamemanager.cpp(511): warning C4101: 'TrueDammage' :참조되지 않은 지역 변수입니다.
  C++최종RPG.vcxproj -> C:\Users\A05\Desktop\HyeongBinKim\C++최종RPG\C++최종RPG\x64\Debug\C++최종RPG.exe
